-------------------------------------------------------------------------------
Test set: com.spicejet.tests.SpiceOneTest
-------------------------------------------------------------------------------
Tests run: 2, Failures: 1, Errors: 0, Skipped: 0, Time elapsed: 29.43 sec <<< FAILURE! - in com.spicejet.tests.SpiceOneTest
elementBGColor(com.spicejet.tests.SpiceOneTest)  Time elapsed: 13.695 sec  <<< FAILURE!
org.junit.ComparisonFailure: The expected color is :transparent Actual color is :rgba(255, 124, 11, 1) expected:<[transparent]> but was:<[rgba(255, 124, 11, 1)]>
	at org.junit.Assert.assertEquals(Assert.java:115)
	at com.spicejet.keywords.CommonKeyWords.verifyBackgroundColor(CommonKeyWords.java:138)
	at com.spicejet.tests.SpiceOneTest.elementBGColor(SpiceOneTest.java:59)

