<?xml version="1.0" encoding="UTF-8"?>
<testsuite name="com.spicejet.tests.SpiceOneTest" time="29.399" tests="2" errors="0" skipped="0" failures="1">
  <properties>
[...]
</properties>
  <testcase name="checkverifyDDValSelOrNot123" classname="com.spicejet.tests.SpiceOneTest" time="15.704"/>
  <testcase name="elementBGColor" classname="com.spicejet.tests.SpiceOneTest" time="13.695">
    <failure message="The expected color is :transparent Actual color is :rgba(255, 124, 11, 1) expected:&lt;[transparent]&gt; but was:&lt;[rgba(255, 124, 11, 1)]&gt;" type="org.junit.ComparisonFailure"><![CDATA[org.junit.ComparisonFailure: The expected color is :transparent Actual color is :rgba(255, 124, 11, 1) expected:<[transparent]> but was:<[rgba(255, 124, 11, 1)]>
	at org.junit.Assert.assertEquals(Assert.java:115)
	at com.spicejet.keywords.CommonKeyWords.verifyBackgroundColor(CommonKeyWords.java:138)
	at com.spicejet.tests.SpiceOneTest.elementBGColor(SpiceOneTest.java:59)
]]></failure>
    <system-out><![CDATA[Before executing method elementBGColor
The class name is com.spicejet.tests.SpiceOneTest
The test method name is elementBGColor
The actual class name is SpiceOneTest
Class folder is already created
The method folderelementBGColor is already created
start of spiceone test class
The browser key is IE
Hi this is bala kishore
The property name ismatrimony.url
The url name is https://www.matrimony.com
The page name is MatrimonyHomePage
The current page object is com.matrimony.first.MatrimonyHomePage
The current class name is com.matrimony.first.MatrimonyHomePage
The element name is public static org.openqa.selenium.WebElement com.matrimony.first.MatrimonyHomePage.submitBtn
end of test one class
before quit
after quit
]]></system-out>
    <system-err><![CDATA[Started InternetExplorerDriver server (64-bit)
2.28.0.0
Listening on port 15725
Jun 28, 2017 11:28:23 AM org.openqa.selenium.remote.ProtocolHandshake createSession
INFO: Attempting bi-dialect session, assuming Postel's Law holds true on the remote end
Jun 28, 2017 11:28:25 AM org.openqa.selenium.remote.ProtocolHandshake createSession
INFO: Detected dialect: OSS
]]></system-err>
  </testcase>
</testsuite>